<?xml version="1.0" encoding="UTF-8"?>
<!-- Generated by org.testng.reporters.JUnitReportReporter -->
<testsuite hostname="EVR01839NB" failures="0" tests="1" name="internship.MenuTest" time="11.532" errors="0" timestamp="2022-07-06T01:29:55 EEST" skipped="0">
  <testcase classname="internship.MenuTest" name="MenuButtons" time="11.532"/>
  <system-out/>
</testsuite> <!-- internship.MenuTest -->
