<?xml version="1.0" encoding="UTF-8"?>
<!-- Generated by org.testng.reporters.JUnitReportReporter -->
<testsuite hostname="EVR01839NB" failures="0" tests="1" name="internship.JavaSecondTest" time="29.398" errors="0" timestamp="2022-07-07T11:23:26 EEST" skipped="0">
  <testcase classname="internship.JavaSecondTest" name="chatButton" time="29.398"/>
  <system-out/>
</testsuite> <!-- internship.JavaSecondTest -->
