<?xml version="1.0" encoding="UTF-8"?>
<!-- Generated by org.testng.reporters.JUnitReportReporter -->
<testsuite hostname="EVR01839NB" failures="0" tests="1" name="internship.RoomsTest" time="43.036" errors="0" timestamp="2022-07-06T00:54:41 EEST" skipped="0">
  <testcase classname="internship.RoomsTest" name="RoomsPage" time="43.036"/>
  <system-out/>
</testsuite> <!-- internship.RoomsTest -->
