<?xml version="1.0" encoding="UTF-8"?>
<!-- Generated by org.testng.reporters.JUnitReportReporter -->
<testsuite hostname="EVR01839NB" failures="0" tests="1" name="internship.ChatPageTest" time="37.492" errors="0" timestamp="2022-07-07T14:43:36 EEST" skipped="0">
  <testcase classname="internship.ChatPageTest" name="chatTest" time="37.492"/>
  <system-out/>
</testsuite> <!-- internship.ChatPageTest -->
