<?xml version="1.0" encoding="UTF-8"?>
<!-- Generated by org.testng.reporters.JUnitReportReporter -->
<testsuite hostname="EVR01839NB" failures="0" tests="1" name="internship.ContactTest" time="12.877" errors="0" timestamp="2022-07-06T01:37:12 EEST" skipped="0">
  <testcase classname="internship.ContactTest" name="ContactPage" time="12.877"/>
  <system-out/>
</testsuite> <!-- internship.ContactTest -->
