<?xml version="1.0" encoding="UTF-8"?>
<!-- Generated by org.testng.reporters.JUnitReportReporter -->
<testsuite hostname="EVR01839NB" failures="0" tests="1" name="internship.FooterPageTest" time="66.056" errors="0" timestamp="2022-07-07T14:29:52 EEST" skipped="0">
  <testcase classname="internship.FooterPageTest" name="footerTest" time="66.056"/>
  <system-out/>
</testsuite> <!-- internship.FooterPageTest -->
