<?xml version="1.0" encoding="UTF-8"?>
<!-- Generated by org.testng.reporters.JUnitReportReporter -->
<testsuite hostname="EVR01839NB" failures="0" tests="1" name="internship.HomeTest" time="18.268" errors="0" timestamp="2022-07-06T00:55:54 EEST" skipped="0">
  <testcase classname="internship.HomeTest" name="HomePage" time="18.268"/>
  <system-out/>
</testsuite> <!-- internship.HomeTest -->
